<?xml version="1.0" encoding="UTF-8"?>
<!DOCTYPE tiles-definitions PUBLIC
       "-//Apache Software Foundation//DTD Tiles Configuration 3.0//EN"
       "http://tiles.apache.org/dtds/tiles-config_3_0.dtd">
<tiles-definitions>
	<definition name="classic"
		template="/WEB-INF/layout/classic.jsp">
		<put-attribute name="title" value="" />
		<put-attribute name="header"
			value="/WEB-INF/JSP/inc/header.jsp" />
		<put-attribute name="menu"
			value="/WEB-INF/JSP/inc/menu.jsp" />
		<put-attribute name="body" value="" />
		<put-attribute name="footer"
			value="/WEB-INF/JSP/inc/footer.jsp" />
	</definition>
</tiles-definitions>